Determining if the pthread_create exist failed with the following output:
Change Dir: /home/student/Marcel/Uebung_2/u2_12/build/CMakeFiles/CMakeTmp

Run Build Command:"/usr/bin/gmake" "cmTC_103d2/fast"
gmake[1]: Entering directory '/home/student/Marcel/Uebung_2/u2_12/build/CMakeFiles/CMakeTmp'
/usr/bin/gmake -f CMakeFiles/cmTC_103d2.dir/build.make CMakeFiles/cmTC_103d2.dir/build
gmake[2]: Entering directory '/home/student/Marcel/Uebung_2/u2_12/build/CMakeFiles/CMakeTmp'
Building C object CMakeFiles/cmTC_103d2.dir/CheckSymbolExists.c.o
/usr/bin/cc     -o CMakeFiles/cmTC_103d2.dir/CheckSymbolExists.c.o   -c /home/student/Marcel/Uebung_2/u2_12/build/CMakeFiles/CMakeTmp/CheckSymbolExists.c
Linking C executable cmTC_103d2
/usr/bin/cmake -E cmake_link_script CMakeFiles/cmTC_103d2.dir/link.txt --verbose=1
/usr/bin/cc       CMakeFiles/cmTC_103d2.dir/CheckSymbolExists.c.o  -o cmTC_103d2 -rdynamic 
CMakeFiles/cmTC_103d2.dir/CheckSymbolExists.c.o: In function `main':
CheckSymbolExists.c:(.text+0x16): undefined reference to `pthread_create'
collect2: error: ld returned 1 exit status
CMakeFiles/cmTC_103d2.dir/build.make:97: recipe for target 'cmTC_103d2' failed
gmake[2]: *** [cmTC_103d2] Error 1
gmake[2]: Leaving directory '/home/student/Marcel/Uebung_2/u2_12/build/CMakeFiles/CMakeTmp'
Makefile:126: recipe for target 'cmTC_103d2/fast' failed
gmake[1]: *** [cmTC_103d2/fast] Error 2
gmake[1]: Leaving directory '/home/student/Marcel/Uebung_2/u2_12/build/CMakeFiles/CMakeTmp'

File /home/student/Marcel/Uebung_2/u2_12/build/CMakeFiles/CMakeTmp/CheckSymbolExists.c:
/* */
#include <pthread.h>

int main(int argc, char** argv)
{
  (void)argv;
#ifndef pthread_create
  return ((int*)(&pthread_create))[argc];
#else
  (void)argc;
  return 0;
#endif
}

Determining if the function pthread_create exists in the pthreads failed with the following output:
Change Dir: /home/student/Marcel/Uebung_2/u2_12/build/CMakeFiles/CMakeTmp

Run Build Command:"/usr/bin/gmake" "cmTC_aa8be/fast"
gmake[1]: Entering directory '/home/student/Marcel/Uebung_2/u2_12/build/CMakeFiles/CMakeTmp'
/usr/bin/gmake -f CMakeFiles/cmTC_aa8be.dir/build.make CMakeFiles/cmTC_aa8be.dir/build
gmake[2]: Entering directory '/home/student/Marcel/Uebung_2/u2_12/build/CMakeFiles/CMakeTmp'
Building C object CMakeFiles/cmTC_aa8be.dir/CheckFunctionExists.c.o
/usr/bin/cc    -DCHECK_FUNCTION_EXISTS=pthread_create   -o CMakeFiles/cmTC_aa8be.dir/CheckFunctionExists.c.o   -c /usr/share/cmake/Modules/CheckFunctionExists.c
Linking C executable cmTC_aa8be
/usr/bin/cmake -E cmake_link_script CMakeFiles/cmTC_aa8be.dir/link.txt --verbose=1
/usr/bin/cc   -DCHECK_FUNCTION_EXISTS=pthread_create    CMakeFiles/cmTC_aa8be.dir/CheckFunctionExists.c.o  -o cmTC_aa8be -rdynamic -lpthreads 
/usr/lib64/gcc/x86_64-suse-linux/4.8/../../../../x86_64-suse-linux/bin/ld: cannot find -lpthreads
collect2: error: ld returned 1 exit status
CMakeFiles/cmTC_aa8be.dir/build.make:97: recipe for target 'cmTC_aa8be' failed
gmake[2]: *** [cmTC_aa8be] Error 1
gmake[2]: Leaving directory '/home/student/Marcel/Uebung_2/u2_12/build/CMakeFiles/CMakeTmp'
Makefile:126: recipe for target 'cmTC_aa8be/fast' failed
gmake[1]: *** [cmTC_aa8be/fast] Error 2
gmake[1]: Leaving directory '/home/student/Marcel/Uebung_2/u2_12/build/CMakeFiles/CMakeTmp'


